Error: Cannot find module 'babel-core/register'
    at Function.Module._resolveFilename (internal/modules/cjs/loader.js:613:15)
    at Function.Module._load (internal/modules/cjs/loader.js:539:25)
    at Module.require (internal/modules/cjs/loader.js:667:17)
    at require (internal/modules/cjs/helpers.js:20:18)
    at Object.<anonymous> (/Users/moudicat/Code/Github/Reincarnation/start.js:1:63)
    at Module._compile (internal/modules/cjs/loader.js:738:30)
    at Object.Module._extensions..js (internal/modules/cjs/loader.js:749:10)
    at Module.load (internal/modules/cjs/loader.js:630:32)
    at tryModuleLoad (internal/modules/cjs/loader.js:570:12)
    at Function.Module._load (internal/modules/cjs/loader.js:562:3)
Error: Cannot find module 'babel-core/register'
    at Function.Module._resolveFilename (internal/modules/cjs/loader.js:613:15)
    at Function.Module._load (internal/modules/cjs/loader.js:539:25)
    at Module.require (internal/modules/cjs/loader.js:667:17)
    at require (internal/modules/cjs/helpers.js:20:18)
    at Object.<anonymous> (/Users/moudicat/Code/Github/Reincarnation/start.js:1:63)
    at Module._compile (internal/modules/cjs/loader.js:738:30)
    at Object.Module._extensions..js (internal/modules/cjs/loader.js:749:10)
    at Module.load (internal/modules/cjs/loader.js:630:32)
    at tryModuleLoad (internal/modules/cjs/loader.js:570:12)
    at Function.Module._load (internal/modules/cjs/loader.js:562:3)
Error: Cannot find module 'babel-core/register'
    at Function.Module._resolveFilename (internal/modules/cjs/loader.js:613:15)
    at Function.Module._load (internal/modules/cjs/loader.js:539:25)
    at Module.require (internal/modules/cjs/loader.js:667:17)
    at require (internal/modules/cjs/helpers.js:20:18)
    at Object.<anonymous> (/Users/moudicat/Code/Github/Reincarnation/start.js:1:63)
    at Module._compile (internal/modules/cjs/loader.js:738:30)
    at Object.Module._extensions..js (internal/modules/cjs/loader.js:749:10)
    at Module.load (internal/modules/cjs/loader.js:630:32)
    at tryModuleLoad (internal/modules/cjs/loader.js:570:12)
    at Function.Module._load (internal/modules/cjs/loader.js:562:3)
Error: Cannot find module 'babel-core/register'
    at Function.Module._resolveFilename (internal/modules/cjs/loader.js:613:15)
    at Function.Module._load (internal/modules/cjs/loader.js:539:25)
    at Module.require (internal/modules/cjs/loader.js:667:17)
    at require (internal/modules/cjs/helpers.js:20:18)
    at Object.<anonymous> (/Users/moudicat/Code/Github/Reincarnation/start.js:1:63)
    at Module._compile (internal/modules/cjs/loader.js:738:30)
    at Object.Module._extensions..js (internal/modules/cjs/loader.js:749:10)
    at Module.load (internal/modules/cjs/loader.js:630:32)
    at tryModuleLoad (internal/modules/cjs/loader.js:570:12)
    at Function.Module._load (internal/modules/cjs/loader.js:562:3)
Error: Cannot find module 'babel-core/register'
    at Function.Module._resolveFilename (internal/modules/cjs/loader.js:613:15)
    at Function.Module._load (internal/modules/cjs/loader.js:539:25)
    at Module.require (internal/modules/cjs/loader.js:667:17)
    at require (internal/modules/cjs/helpers.js:20:18)
    at Object.<anonymous> (/Users/moudicat/Code/Github/Reincarnation/start.js:1:63)
    at Module._compile (internal/modules/cjs/loader.js:738:30)
    at Object.Module._extensions..js (internal/modules/cjs/loader.js:749:10)
    at Module.load (internal/modules/cjs/loader.js:630:32)
    at tryModuleLoad (internal/modules/cjs/loader.js:570:12)
    at Function.Module._load (internal/modules/cjs/loader.js:562:3)
Error: Cannot find module 'babel-core/register'
    at Function.Module._resolveFilename (internal/modules/cjs/loader.js:613:15)
    at Function.Module._load (internal/modules/cjs/loader.js:539:25)
    at Module.require (internal/modules/cjs/loader.js:667:17)
    at require (internal/modules/cjs/helpers.js:20:18)
    at Object.<anonymous> (/Users/moudicat/Code/Github/Reincarnation/start.js:1:63)
    at Module._compile (internal/modules/cjs/loader.js:738:30)
    at Object.Module._extensions..js (internal/modules/cjs/loader.js:749:10)
    at Module.load (internal/modules/cjs/loader.js:630:32)
    at tryModuleLoad (internal/modules/cjs/loader.js:570:12)
    at Function.Module._load (internal/modules/cjs/loader.js:562:3)
Error: Cannot find module 'babel-core/register'
    at Function.Module._resolveFilename (internal/modules/cjs/loader.js:613:15)
    at Function.Module._load (internal/modules/cjs/loader.js:539:25)
    at Module.require (internal/modules/cjs/loader.js:667:17)
    at require (internal/modules/cjs/helpers.js:20:18)
    at Object.<anonymous> (/Users/moudicat/Code/Github/Reincarnation/start.js:1:63)
    at Module._compile (internal/modules/cjs/loader.js:738:30)
    at Object.Module._extensions..js (internal/modules/cjs/loader.js:749:10)
    at Module.load (internal/modules/cjs/loader.js:630:32)
    at tryModuleLoad (internal/modules/cjs/loader.js:570:12)
    at Function.Module._load (internal/modules/cjs/loader.js:562:3)
Error: Cannot find module 'babel-core/register'
    at Function.Module._resolveFilename (internal/modules/cjs/loader.js:613:15)
    at Function.Module._load (internal/modules/cjs/loader.js:539:25)
    at Module.require (internal/modules/cjs/loader.js:667:17)
    at require (internal/modules/cjs/helpers.js:20:18)
    at Object.<anonymous> (/Users/moudicat/Code/Github/Reincarnation/start.js:1:63)
    at Module._compile (internal/modules/cjs/loader.js:738:30)
    at Object.Module._extensions..js (internal/modules/cjs/loader.js:749:10)
    at Module.load (internal/modules/cjs/loader.js:630:32)
    at tryModuleLoad (internal/modules/cjs/loader.js:570:12)
    at Function.Module._load (internal/modules/cjs/loader.js:562:3)
Error: Cannot find module 'babel-core/register'
    at Function.Module._resolveFilename (internal/modules/cjs/loader.js:613:15)
    at Function.Module._load (internal/modules/cjs/loader.js:539:25)
    at Module.require (internal/modules/cjs/loader.js:667:17)
    at require (internal/modules/cjs/helpers.js:20:18)
    at Object.<anonymous> (/Users/moudicat/Code/Github/Reincarnation/start.js:1:63)
    at Module._compile (internal/modules/cjs/loader.js:738:30)
    at Object.Module._extensions..js (internal/modules/cjs/loader.js:749:10)
    at Module.load (internal/modules/cjs/loader.js:630:32)
    at tryModuleLoad (internal/modules/cjs/loader.js:570:12)
    at Function.Module._load (internal/modules/cjs/loader.js:562:3)
Error: Cannot find module 'babel-core/register'
    at Function.Module._resolveFilename (internal/modules/cjs/loader.js:613:15)
    at Function.Module._load (internal/modules/cjs/loader.js:539:25)
    at Module.require (internal/modules/cjs/loader.js:667:17)
    at require (internal/modules/cjs/helpers.js:20:18)
    at Object.<anonymous> (/Users/moudicat/Code/Github/Reincarnation/start.js:1:63)
    at Module._compile (internal/modules/cjs/loader.js:738:30)
    at Object.Module._extensions..js (internal/modules/cjs/loader.js:749:10)
    at Module.load (internal/modules/cjs/loader.js:630:32)
    at tryModuleLoad (internal/modules/cjs/loader.js:570:12)
    at Function.Module._load (internal/modules/cjs/loader.js:562:3)
Error: Cannot find module 'babel-core/register'
    at Function.Module._resolveFilename (internal/modules/cjs/loader.js:613:15)
    at Function.Module._load (internal/modules/cjs/loader.js:539:25)
    at Module.require (internal/modules/cjs/loader.js:667:17)
    at require (internal/modules/cjs/helpers.js:20:18)
    at Object.<anonymous> (/Users/moudicat/Code/Github/Reincarnation/start.js:1:63)
    at Module._compile (internal/modules/cjs/loader.js:738:30)
    at Object.Module._extensions..js (internal/modules/cjs/loader.js:749:10)
    at Module.load (internal/modules/cjs/loader.js:630:32)
    at tryModuleLoad (internal/modules/cjs/loader.js:570:12)
    at Function.Module._load (internal/modules/cjs/loader.js:562:3)
Error: Cannot find module 'babel-core/register'
    at Function.Module._resolveFilename (internal/modules/cjs/loader.js:613:15)
    at Function.Module._load (internal/modules/cjs/loader.js:539:25)
    at Module.require (internal/modules/cjs/loader.js:667:17)
    at require (internal/modules/cjs/helpers.js:20:18)
    at Object.<anonymous> (/Users/moudicat/Code/Github/Reincarnation/start.js:1:63)
    at Module._compile (internal/modules/cjs/loader.js:738:30)
    at Object.Module._extensions..js (internal/modules/cjs/loader.js:749:10)
    at Module.load (internal/modules/cjs/loader.js:630:32)
    at tryModuleLoad (internal/modules/cjs/loader.js:570:12)
    at Function.Module._load (internal/modules/cjs/loader.js:562:3)
Error: Cannot find module 'babel-core/register'
    at Function.Module._resolveFilename (internal/modules/cjs/loader.js:613:15)
    at Function.Module._load (internal/modules/cjs/loader.js:539:25)
    at Module.require (internal/modules/cjs/loader.js:667:17)
    at require (internal/modules/cjs/helpers.js:20:18)
    at Object.<anonymous> (/Users/moudicat/Code/Github/Reincarnation/start.js:1:63)
    at Module._compile (internal/modules/cjs/loader.js:738:30)
    at Object.Module._extensions..js (internal/modules/cjs/loader.js:749:10)
    at Module.load (internal/modules/cjs/loader.js:630:32)
    at tryModuleLoad (internal/modules/cjs/loader.js:570:12)
    at Function.Module._load (internal/modules/cjs/loader.js:562:3)
Error: Cannot find module 'babel-core/register'
    at Function.Module._resolveFilename (internal/modules/cjs/loader.js:613:15)
    at Function.Module._load (internal/modules/cjs/loader.js:539:25)
    at Module.require (internal/modules/cjs/loader.js:667:17)
    at require (internal/modules/cjs/helpers.js:20:18)
    at Object.<anonymous> (/Users/moudicat/Code/Github/Reincarnation/start.js:1:63)
    at Module._compile (internal/modules/cjs/loader.js:738:30)
    at Object.Module._extensions..js (internal/modules/cjs/loader.js:749:10)
    at Module.load (internal/modules/cjs/loader.js:630:32)
    at tryModuleLoad (internal/modules/cjs/loader.js:570:12)
    at Function.Module._load (internal/modules/cjs/loader.js:562:3)
Error: Cannot find module 'babel-core/register'
    at Function.Module._resolveFilename (internal/modules/cjs/loader.js:613:15)
    at Function.Module._load (internal/modules/cjs/loader.js:539:25)
    at Module.require (internal/modules/cjs/loader.js:667:17)
    at require (internal/modules/cjs/helpers.js:20:18)
    at Object.<anonymous> (/Users/moudicat/Code/Github/Reincarnation/start.js:1:63)
    at Module._compile (internal/modules/cjs/loader.js:738:30)
    at Object.Module._extensions..js (internal/modules/cjs/loader.js:749:10)
    at Module.load (internal/modules/cjs/loader.js:630:32)
    at tryModuleLoad (internal/modules/cjs/loader.js:570:12)
    at Function.Module._load (internal/modules/cjs/loader.js:562:3)
Error: Cannot find module 'babel-core/register'
    at Function.Module._resolveFilename (internal/modules/cjs/loader.js:613:15)
    at Function.Module._load (internal/modules/cjs/loader.js:539:25)
    at Module.require (internal/modules/cjs/loader.js:667:17)
    at require (internal/modules/cjs/helpers.js:20:18)
    at Object.<anonymous> (/Users/moudicat/Code/Github/Reincarnation/start.js:1:63)
    at Module._compile (internal/modules/cjs/loader.js:738:30)
    at Object.Module._extensions..js (internal/modules/cjs/loader.js:749:10)
    at Module.load (internal/modules/cjs/loader.js:630:32)
    at tryModuleLoad (internal/modules/cjs/loader.js:570:12)
    at Function.Module._load (internal/modules/cjs/loader.js:562:3)
